<?xml version="1.0" encoding="UTF-8"?>
<!-- Generated by org.testng.reporters.JUnitXMLReporter -->
<testsuite hostname="WSD023" name="Tester_TMnStakeDashDisabled" tests="1" failures="1" timestamp="14 Feb 2017 12:00:49 GMT" time="3.255" errors="0">
  <testcase name="testerTmAndStakeDashDisabled" time="2.956" classname="com.uat.suite.tm_project.Tester_TMnStakeDashDisabled">
    <failure type="java.lang.AssertionError" message="expected [true] but found [false]">
      <![CDATA[java.lang.AssertionError: expected [true] but found [false]
	at com.uat.base.TestBaseOld.assertTrue(TestBaseOld.java:256)
	at com.uat.base.TestBaseOld.login(TestBaseOld.java:395)
	at com.uat.suite.tm_project.Tester_TMnStakeDashDisabled.testerTmAndStakeDashDisabled(Tester_TMnStakeDashDisabled.java:75)
... Removed 29 stack frames]]>
    </failure>
  </testcase> <!-- testerTmAndStakeDashDisabled -->
</testsuite> <!-- Tester_TMnStakeDashDisabled -->
